<?xml version="1.0" encoding="UTF-8"?>
<!-- Generated by org.testng.reporters.JUnitReportReporter -->
<testsuite hostname="GUPSA15-WIN10" name="com.apitesting.TestAPI.Mytrials" tests="29" failures="0" timestamp="2 Mar 2018 13:07:36 GMT" time="0.090" errors="0">
  <testcase name="validTestData" time="0.016" classname="com.apitesting.TestAPI.Mytrials"/>
  <testcase name="validTestData" time="0.000" classname="com.apitesting.TestAPI.Mytrials"/>
  <testcase name="validTestData" time="0.000" classname="com.apitesting.TestAPI.Mytrials"/>
  <testcase name="validTestData" time="0.000" classname="com.apitesting.TestAPI.Mytrials"/>
  <testcase name="validTestData" time="0.000" classname="com.apitesting.TestAPI.Mytrials"/>
  <testcase name="validTestData" time="0.000" classname="com.apitesting.TestAPI.Mytrials"/>
  <testcase name="validTestData" time="0.000" classname="com.apitesting.TestAPI.Mytrials"/>
  <testcase name="validTestData" time="0.000" classname="com.apitesting.TestAPI.Mytrials"/>
  <testcase name="validTestData" time="0.000" classname="com.apitesting.TestAPI.Mytrials"/>
  <testcase name="validTestData" time="0.000" classname="com.apitesting.TestAPI.Mytrials"/>
  <testcase name="validTestData" time="0.000" classname="com.apitesting.TestAPI.Mytrials"/>
  <testcase name="validTestData" time="0.016" classname="com.apitesting.TestAPI.Mytrials"/>
  <testcase name="validTestData" time="0.026" classname="com.apitesting.TestAPI.Mytrials"/>
  <testcase name="validTestData" time="0.000" classname="com.apitesting.TestAPI.Mytrials"/>
  <testcase name="validTestData" time="0.000" classname="com.apitesting.TestAPI.Mytrials"/>
  <testcase name="validTestData" time="0.000" classname="com.apitesting.TestAPI.Mytrials"/>
  <testcase name="validTestData" time="0.000" classname="com.apitesting.TestAPI.Mytrials"/>
  <testcase name="validTestData" time="0.000" classname="com.apitesting.TestAPI.Mytrials"/>
  <testcase name="validTestData" time="0.000" classname="com.apitesting.TestAPI.Mytrials"/>
  <testcase name="validTestData" time="0.015" classname="com.apitesting.TestAPI.Mytrials"/>
  <testcase name="validTestData" time="0.002" classname="com.apitesting.TestAPI.Mytrials"/>
  <testcase name="validTestData" time="0.000" classname="com.apitesting.TestAPI.Mytrials"/>
  <testcase name="validTestData" time="0.000" classname="com.apitesting.TestAPI.Mytrials"/>
  <testcase name="validTestData" time="0.000" classname="com.apitesting.TestAPI.Mytrials"/>
  <testcase name="validTestData" time="0.000" classname="com.apitesting.TestAPI.Mytrials"/>
  <testcase name="validTestData" time="0.015" classname="com.apitesting.TestAPI.Mytrials"/>
  <testcase name="validTestData" time="0.000" classname="com.apitesting.TestAPI.Mytrials"/>
  <testcase name="validTestData" time="0.000" classname="com.apitesting.TestAPI.Mytrials"/>
  <testcase name="validTestData" time="0.000" classname="com.apitesting.TestAPI.Mytrials"/>
</testsuite> <!-- com.apitesting.TestAPI.Mytrials -->
