<?xml version="1.0" encoding="UTF-8"?>
<!-- Generated by org.testng.reporters.JUnitReportReporter -->
<testsuite hostname="GUPSA15-WIN10" name="com.apitesting.TestAPI.APITestCaseUsingDataProvider" tests="50" failures="0" timestamp="4 Mar 2018 06:57:09 GMT" time="44.390" errors="0">
  <testcase name="verifyWeatherInfoOfCitiesWithValidData" time="0.686" classname="com.apitesting.TestAPI.APITestCaseUsingDataProvider"/>
  <testcase name="verifyWeatherInfoOfCitiesWithValidData" time="0.959" classname="com.apitesting.TestAPI.APITestCaseUsingDataProvider"/>
  <testcase name="verifyWeatherInfoOfCitiesWithValidData" time="0.665" classname="com.apitesting.TestAPI.APITestCaseUsingDataProvider"/>
  <testcase name="verifyWeatherInfoOfCitiesWithInValidData" time="0.333" classname="com.apitesting.TestAPI.APITestCaseUsingDataProvider"/>
  <testcase name="verifyWeatherInfoOfCitiesWithValidData" time="1.265" classname="com.apitesting.TestAPI.APITestCaseUsingDataProvider"/>
  <testcase name="verifyWeatherInfoOfCitiesWithValidData" time="0.810" classname="com.apitesting.TestAPI.APITestCaseUsingDataProvider"/>
  <testcase name="verifyWeatherInfoOfCitiesWithInValidData" time="0.798" classname="com.apitesting.TestAPI.APITestCaseUsingDataProvider"/>
  <testcase name="verifyWeatherInfoOfCitiesWithInValidData" time="0.764" classname="com.apitesting.TestAPI.APITestCaseUsingDataProvider"/>
  <testcase name="verifyWeatherInfoOfCitiesWithInValidData" time="0.538" classname="com.apitesting.TestAPI.APITestCaseUsingDataProvider"/>
  <testcase name="verifyWeatherInfoOfCitiesWithInValidData" time="0.949" classname="com.apitesting.TestAPI.APITestCaseUsingDataProvider"/>
  <testcase name="verifyWeatherInfoOfCitiesWithValidData" time="0.250" classname="com.apitesting.TestAPI.APITestCaseUsingDataProvider"/>
  <testcase name="verifyWeatherInfoOfCitiesWithInValidData" time="2.598" classname="com.apitesting.TestAPI.APITestCaseUsingDataProvider"/>
  <testcase name="verifyWeatherInfoOfCitiesWithInValidData" time="0.219" classname="com.apitesting.TestAPI.APITestCaseUsingDataProvider"/>
  <testcase name="verifyWeatherInfoOfCitiesWithInValidData" time="1.357" classname="com.apitesting.TestAPI.APITestCaseUsingDataProvider"/>
  <testcase name="verifyWeatherInfoOfCitiesWithInValidData" time="0.250" classname="com.apitesting.TestAPI.APITestCaseUsingDataProvider"/>
  <testcase name="verifyWeatherInfoOfCitiesWithValidData" time="1.083" classname="com.apitesting.TestAPI.APITestCaseUsingDataProvider"/>
  <testcase name="verifyWeatherInfoOfCitiesWithInValidData" time="0.203" classname="com.apitesting.TestAPI.APITestCaseUsingDataProvider"/>
  <testcase name="verifyWeatherInfoOfCitiesWithValidData" time="0.889" classname="com.apitesting.TestAPI.APITestCaseUsingDataProvider"/>
  <testcase name="verifyWeatherInfoOfCitiesWithValidData" time="0.656" classname="com.apitesting.TestAPI.APITestCaseUsingDataProvider"/>
  <testcase name="verifyWeatherInfoOfCitiesWithInValidData" time="0.328" classname="com.apitesting.TestAPI.APITestCaseUsingDataProvider"/>
  <testcase name="verifyWeatherInfoOfCitiesWithValidData" time="0.845" classname="com.apitesting.TestAPI.APITestCaseUsingDataProvider"/>
  <testcase name="verifyWeatherInfoOfCitiesWithValidData" time="1.191" classname="com.apitesting.TestAPI.APITestCaseUsingDataProvider"/>
  <testcase name="verifyWeatherInfoOfCitiesWithValidData" time="1.290" classname="com.apitesting.TestAPI.APITestCaseUsingDataProvider"/>
  <testcase name="verifyWeatherInfoOfCitiesWithInValidData" time="0.951" classname="com.apitesting.TestAPI.APITestCaseUsingDataProvider"/>
  <testcase name="verifyWeatherInfoOfCitiesWithValidData" time="0.725" classname="com.apitesting.TestAPI.APITestCaseUsingDataProvider"/>
  <testcase name="verifyWeatherInfoOfCitiesWithInValidData" time="0.297" classname="com.apitesting.TestAPI.APITestCaseUsingDataProvider"/>
  <testcase name="verifyWeatherInfoOfCitiesWithValidData" time="0.946" classname="com.apitesting.TestAPI.APITestCaseUsingDataProvider"/>
  <testcase name="verifyWeatherInfoOfCitiesWithValidData" time="4.041" classname="com.apitesting.TestAPI.APITestCaseUsingDataProvider"/>
  <testcase name="verifyWeatherInfoOfCitiesWithInValidData" time="1.735" classname="com.apitesting.TestAPI.APITestCaseUsingDataProvider"/>
  <testcase name="verifyWeatherInfoOfCitiesWithValidData" time="0.219" classname="com.apitesting.TestAPI.APITestCaseUsingDataProvider"/>
  <testcase name="verifyWeatherInfoOfCitiesWithInValidData" time="0.269" classname="com.apitesting.TestAPI.APITestCaseUsingDataProvider"/>
  <testcase name="verifyWeatherInfoOfCitiesWithValidData" time="0.266" classname="com.apitesting.TestAPI.APITestCaseUsingDataProvider"/>
  <testcase name="verifyWeatherInfoOfCitiesWithValidData" time="0.858" classname="com.apitesting.TestAPI.APITestCaseUsingDataProvider"/>
  <testcase name="verifyWeatherInfoOfCitiesWithValidData" time="0.975" classname="com.apitesting.TestAPI.APITestCaseUsingDataProvider"/>
  <testcase name="verifyWeatherInfoOfCitiesWithInValidData" time="0.230" classname="com.apitesting.TestAPI.APITestCaseUsingDataProvider"/>
  <testcase name="verifyWeatherInfoOfCitiesWithValidData" time="0.766" classname="com.apitesting.TestAPI.APITestCaseUsingDataProvider"/>
  <testcase name="verifyWeatherInfoOfCitiesWithValidData" time="0.651" classname="com.apitesting.TestAPI.APITestCaseUsingDataProvider"/>
  <testcase name="verifyWeatherInfoOfCitiesWithInValidData" time="0.729" classname="com.apitesting.TestAPI.APITestCaseUsingDataProvider"/>
  <testcase name="verifyWeatherInfoOfCitiesWithValidData" time="0.869" classname="com.apitesting.TestAPI.APITestCaseUsingDataProvider"/>
  <testcase name="verifyWeatherInfoOfCitiesWithValidData" time="0.689" classname="com.apitesting.TestAPI.APITestCaseUsingDataProvider"/>
  <testcase name="verifyWeatherInfoOfCitiesWithValidData" time="0.641" classname="com.apitesting.TestAPI.APITestCaseUsingDataProvider"/>
  <testcase name="verifyWeatherInfoOfCitiesWithValidData" time="0.953" classname="com.apitesting.TestAPI.APITestCaseUsingDataProvider"/>
  <testcase name="verifyWeatherInfoOfCitiesWithValidData" time="0.960" classname="com.apitesting.TestAPI.APITestCaseUsingDataProvider"/>
  <testcase name="verifyWeatherInfoOfCitiesWithValidData" time="1.278" classname="com.apitesting.TestAPI.APITestCaseUsingDataProvider"/>
  <testcase name="verifyWeatherInfoOfCitiesWithInValidData" time="0.188" classname="com.apitesting.TestAPI.APITestCaseUsingDataProvider"/>
  <testcase name="verifyWeatherInfoOfCitiesWithValidData" time="2.120" classname="com.apitesting.TestAPI.APITestCaseUsingDataProvider"/>
  <testcase name="verifyWeatherInfoOfCitiesWithInValidData" time="0.266" classname="com.apitesting.TestAPI.APITestCaseUsingDataProvider"/>
  <testcase name="verifyWeatherInfoOfCitiesWithValidData" time="1.934" classname="com.apitesting.TestAPI.APITestCaseUsingDataProvider"/>
  <testcase name="verifyWeatherInfoOfCitiesWithInValidData" time="0.969" classname="com.apitesting.TestAPI.APITestCaseUsingDataProvider"/>
  <testcase name="verifyWeatherInfoOfCitiesWithValidData" time="0.939" classname="com.apitesting.TestAPI.APITestCaseUsingDataProvider"/>
</testsuite> <!-- com.apitesting.TestAPI.APITestCaseUsingDataProvider -->
