<?xml version="1.0" encoding="UTF-8"?>
<!-- Generated by org.testng.reporters.JUnitReportReporter -->
<testsuite hostname="GUPSA15-WIN10" name="com.apitesting.TestAPI.WeatherAPITestCase" tests="4" failures="0" timestamp="25 Feb 2018 11:16:50 GMT" time="8.188" errors="0">
  <testcase name="GetWeatherDetailsOfBangaloreCityWithValidData" time="3.609" classname="com.apitesting.TestAPI.WeatherAPITestCase"/>
  <testcase name="GetWeatherInfoOfBangaloreCityWithInValidData1" time="3.969" classname="com.apitesting.TestAPI.WeatherAPITestCase"/>
  <testcase name="GetWeatherInfoOfDelhiWithValidData" time="0.328" classname="com.apitesting.TestAPI.WeatherAPITestCase"/>
  <testcase name="GetWeatherInfoOfBangaloreCityWithInValidData2" time="0.282" classname="com.apitesting.TestAPI.WeatherAPITestCase"/>
</testsuite> <!-- com.apitesting.TestAPI.WeatherAPITestCase -->
