<?xml version="1.0" encoding="UTF-8"?>
<!-- Generated by org.testng.reporters.JUnitReportReporter -->
<testsuite hostname="GUPSA15-WIN10" name="com.apitesting.TestAPI.APITestCase" tests="4" failures="0" timestamp="25 Feb 2018 12:10:19 GMT" time="4.579" errors="0">
  <testcase name="GetWeatherDetailsOfBangaloreCityWithValidData" time="3.625" classname="com.apitesting.TestAPI.APITestCase"/>
  <testcase name="GetWeatherInfoOfDelhiWithValidData" time="0.278" classname="com.apitesting.TestAPI.APITestCase"/>
  <testcase name="GetWeatherInfoOfBangaloreCityWithInValidData2" time="0.323" classname="com.apitesting.TestAPI.APITestCase"/>
  <testcase name="GetWeatherInfoOfBangaloreCityWithInValidData1" time="0.353" classname="com.apitesting.TestAPI.APITestCase"/>
</testsuite> <!-- com.apitesting.TestAPI.APITestCase -->
